<?xml version="1.0" encoding="UTF-8"?>
<!-- Generated by org.testng.reporters.JUnitReportReporter -->
<testsuite name="testRunner.TestRunner" tests="5" time="128.765" ignored="0" failures="0" timestamp="11 Nov 2019 15:04:36 GMT" skipped="0" hostname="Lenovo-I7-PC" errors="0">
  <testcase name="test_func" time="25.850" classname="testRunner.TestRunner"/>
  <testcase name="test_func" time="28.660" classname="testRunner.TestRunner"/>
  <testcase name="test_func" time="25.517" classname="testRunner.TestRunner"/>
  <testcase name="test_func" time="24.873" classname="testRunner.TestRunner"/>
  <testcase name="test_func" time="23.865" classname="testRunner.TestRunner"/>
</testsuite> <!-- testRunner.TestRunner -->
